[debug] [2018-02-22T09:43:50.635Z] ----------------------------------------------------------------------
[debug] [2018-02-22T09:43:50.638Z] Command:       /usr/local/bin/node /usr/local/bin/firebase serve
[debug] [2018-02-22T09:43:50.638Z] CLI Version:   3.17.4
[debug] [2018-02-22T09:43:50.638Z] Platform:      linux
[debug] [2018-02-22T09:43:50.638Z] Node Version:  v9.4.0
[debug] [2018-02-22T09:43:50.638Z] Time:          Thu Feb 22 2018 15:13:50 GMT+0530 (IST)
[debug] [2018-02-22T09:43:50.638Z] ----------------------------------------------------------------------
[debug] 
[debug] [2018-02-22T09:43:50.647Z] > command requires scopes: ["email","openid","https://www.googleapis.com/auth/cloudplatformprojects.readonly","https://www.googleapis.com/auth/firebase","https://www.googleapis.com/auth/cloud-platform"]
[debug] [2018-02-22T09:43:50.647Z] > authorizing via signed-in user
[debug] [2018-02-22T09:43:50.649Z] >>> HTTP REQUEST GET https://admin.firebase.com/v1/projects/cerebro-iiitv-2018  
  
 Thu Feb 22 2018 15:13:50 GMT+0530 (IST)
[debug] [2018-02-22T09:43:52.015Z] <<< HTTP RESPONSE 200
[debug] [2018-02-22T09:43:52.016Z] >>> HTTP REQUEST GET https://admin.firebase.com/v1/database/cerebro-iiitv-2018/tokens  
  
 Thu Feb 22 2018 15:13:52 GMT+0530 (IST)
[debug] [2018-02-22T09:43:53.158Z] <<< HTTP RESPONSE 200
[info] 
[info] === Serving from '/home/pratyush/clones/cerebro-iiitv/web-2018'...
[info] 
[debug] [2018-02-22T09:43:53.163Z] >>> HTTP REQUEST GET https://cloudresourcemanager.googleapis.com/v1/projects/cerebro-iiitv-2018  
  
 Thu Feb 22 2018 15:13:53 GMT+0530 (IST)
[debug] [2018-02-22T09:43:55.407Z] <<< HTTP RESPONSE 200
[debug] [2018-02-22T09:43:55.408Z] >>> HTTP REQUEST GET https://mobilesdk-pa.googleapis.com/v1/projects/765373525937/clients/_:getWebAppConfig  
  
 Thu Feb 22 2018 15:13:55 GMT+0530 (IST)
[debug] [2018-02-22T09:43:56.637Z] <<< HTTP RESPONSE 200
[info] i  hosting: Serving hosting files from: build
[info] ✔  hosting: Local server: http://localhost:5000

